This file contains any messages produced by compilers while
running configure, to aid debugging if configure makes a mistake.

It was created by mpm configure 0.1.3, which was
generated by GNU Autoconf 2.69.  Invocation command line was

  $ ./configure --with-corlib=/home/srhgk2/workspace/corlib --with-tclap=/home/srhgk2/workspace/tclap-1.2.1 --with-eigen=/home/srhgk2/workspace/eigen-eigen

## --------- ##
## Platform. ##
## --------- ##

hostname = ks207r14
uname -m = x86_64
uname -r = 3.10.0-123.9.3.el7.x86_64
uname -s = Linux
uname -v = #1 SMP Thu Nov 6 15:06:03 UTC 2014

/usr/bin/uname -p = x86_64
/bin/uname -X     = unknown

/bin/arch              = x86_64
/usr/bin/arch -k       = unknown
/usr/convex/getsysinfo = unknown
/usr/bin/hostinfo      = unknown
/bin/machine           = unknown
/usr/bin/oslevel       = unknown
/bin/universe          = unknown

PATH: /usr/local/bin
PATH: /usr/local/sbin
PATH: /usr/bin
PATH: /usr/sbin
PATH: /bin
PATH: /sbin


## ----------- ##
## Core tests. ##
## ----------- ##

configure:2332: checking for a BSD-compatible install
configure:2400: result: /usr/bin/install -c
configure:2411: checking whether build environment is sane
configure:2466: result: yes
configure:2617: checking for a thread-safe mkdir -p
configure:2656: result: /usr/bin/mkdir -p
configure:2663: checking for gawk
configure:2679: found /usr/bin/gawk
configure:2690: result: gawk
configure:2701: checking whether make sets $(MAKE)
configure:2723: result: yes
configure:2752: checking whether make supports nested variables
configure:2769: result: yes
configure:2916: checking for g++
configure:2932: found /usr/bin/g++
configure:2943: result: g++
configure:2970: checking for C++ compiler version
configure:2979: g++ --version >&5
g++ (GCC) 4.8.2 20140120 (Red Hat 4.8.2-16)
Copyright (C) 2013 Free Software Foundation, Inc.
This is free software; see the source for copying conditions.  There is NO
warranty; not even for MERCHANTABILITY or FITNESS FOR A PARTICULAR PURPOSE.

configure:2990: $? = 0
configure:2979: g++ -v >&5
Using built-in specs.
COLLECT_GCC=g++
COLLECT_LTO_WRAPPER=/usr/libexec/gcc/x86_64-redhat-linux/4.8.2/lto-wrapper
Target: x86_64-redhat-linux
Configured with: ../configure --prefix=/usr --mandir=/usr/share/man --infodir=/usr/share/info --with-bugurl=http://bugzilla.redhat.com/bugzilla --enable-bootstrap --enable-shared --enable-threads=posix --enable-checking=release --with-system-zlib --enable-__cxa_atexit --disable-libunwind-exceptions --enable-gnu-unique-object --enable-linker-build-id --with-linker-hash-style=gnu --enable-languages=c,c++,objc,obj-c++,java,fortran,ada,go,lto --enable-plugin --enable-initfini-array --disable-libgcj --with-isl=/builddir/build/BUILD/gcc-4.8.2-20140120/obj-x86_64-redhat-linux/isl-install --with-cloog=/builddir/build/BUILD/gcc-4.8.2-20140120/obj-x86_64-redhat-linux/cloog-install --enable-gnu-indirect-function --with-tune=generic --with-arch_32=x86-64 --build=x86_64-redhat-linux
Thread model: posix
gcc version 4.8.2 20140120 (Red Hat 4.8.2-16) (GCC) 
configure:2990: $? = 0
configure:2979: g++ -V >&5
g++: error: unrecognized command line option '-V'
g++: fatal error: no input files
compilation terminated.
configure:2990: $? = 4
configure:2979: g++ -qversion >&5
g++: error: unrecognized command line option '-qversion'
g++: fatal error: no input files
compilation terminated.
configure:2990: $? = 4
configure:3010: checking whether the C++ compiler works
configure:3032: g++    conftest.cpp  >&5
configure:3036: $? = 0
configure:3084: result: yes
configure:3087: checking for C++ compiler default output file name
configure:3089: result: a.out
configure:3095: checking for suffix of executables
configure:3102: g++ -o conftest    conftest.cpp  >&5
configure:3106: $? = 0
configure:3128: result: 
configure:3150: checking whether we are cross compiling
configure:3158: g++ -o conftest    conftest.cpp  >&5
configure:3162: $? = 0
configure:3169: ./conftest
configure:3173: $? = 0
configure:3188: result: no
configure:3193: checking for suffix of object files
configure:3215: g++ -c   conftest.cpp >&5
configure:3219: $? = 0
configure:3240: result: o
configure:3244: checking whether we are using the GNU C++ compiler
configure:3263: g++ -c   conftest.cpp >&5
configure:3263: $? = 0
configure:3272: result: yes
configure:3281: checking whether g++ accepts -g
configure:3301: g++ -c -g  conftest.cpp >&5
configure:3301: $? = 0
configure:3342: result: yes
configure:3376: checking for style of include used by make
configure:3404: result: GNU
configure:3430: checking dependency style of g++
configure:3541: result: gcc3
configure:3605: checking for gcc
configure:3621: found /usr/bin/gcc
configure:3632: result: gcc
configure:3861: checking for C compiler version
configure:3870: gcc --version >&5
gcc (GCC) 4.8.2 20140120 (Red Hat 4.8.2-16)
Copyright (C) 2013 Free Software Foundation, Inc.
This is free software; see the source for copying conditions.  There is NO
warranty; not even for MERCHANTABILITY or FITNESS FOR A PARTICULAR PURPOSE.

configure:3881: $? = 0
configure:3870: gcc -v >&5
Using built-in specs.
COLLECT_GCC=gcc
COLLECT_LTO_WRAPPER=/usr/libexec/gcc/x86_64-redhat-linux/4.8.2/lto-wrapper
Target: x86_64-redhat-linux
Configured with: ../configure --prefix=/usr --mandir=/usr/share/man --infodir=/usr/share/info --with-bugurl=http://bugzilla.redhat.com/bugzilla --enable-bootstrap --enable-shared --enable-threads=posix --enable-checking=release --with-system-zlib --enable-__cxa_atexit --disable-libunwind-exceptions --enable-gnu-unique-object --enable-linker-build-id --with-linker-hash-style=gnu --enable-languages=c,c++,objc,obj-c++,java,fortran,ada,go,lto --enable-plugin --enable-initfini-array --disable-libgcj --with-isl=/builddir/build/BUILD/gcc-4.8.2-20140120/obj-x86_64-redhat-linux/isl-install --with-cloog=/builddir/build/BUILD/gcc-4.8.2-20140120/obj-x86_64-redhat-linux/cloog-install --enable-gnu-indirect-function --with-tune=generic --with-arch_32=x86-64 --build=x86_64-redhat-linux
Thread model: posix
gcc version 4.8.2 20140120 (Red Hat 4.8.2-16) (GCC) 
configure:3881: $? = 0
configure:3870: gcc -V >&5
gcc: error: unrecognized command line option '-V'
gcc: fatal error: no input files
compilation terminated.
configure:3881: $? = 4
configure:3870: gcc -qversion >&5
gcc: error: unrecognized command line option '-qversion'
gcc: fatal error: no input files
compilation terminated.
configure:3881: $? = 4
configure:3885: checking whether we are using the GNU C compiler
configure:3904: gcc -c   conftest.c >&5
configure:3904: $? = 0
configure:3913: result: yes
configure:3922: checking whether gcc accepts -g
configure:3942: gcc -c -g  conftest.c >&5
configure:3942: $? = 0
configure:3983: result: yes
configure:4000: checking for gcc option to accept ISO C89
configure:4063: gcc  -c -g -O2  conftest.c >&5
configure:4063: $? = 0
configure:4076: result: none needed
configure:4098: checking dependency style of gcc
configure:4209: result: gcc3
configure:4225: checking for inline
configure:4241: gcc -c -g -O2  conftest.c >&5
configure:4241: $? = 0
configure:4249: result: inline
configure:4285: checking whether g++ supports C++11 features by default
configure:4311: g++ -c -g -O2  conftest.cpp >&5
conftest.cpp:15:21: error: expected identifier before 'sizeof'
       static_assert(sizeof(int) <= sizeof(T), "not big enough");
                     ^
conftest.cpp:15:21: error: expected ',' or '...' before 'sizeof'
conftest.cpp:15:63: error: ISO C++ forbids declaration of 'static_assert' with no type [-fpermissive]
       static_assert(sizeof(int) <= sizeof(T), "not big enough");
                                                               ^
conftest.cpp:18:29: error: '>>' should be '> >' within a nested template argument list
     typedef check<check<bool>> right_angle_brackets;
                             ^
conftest.cpp:21:13: error: expected constructor, destructor, or type conversion before '(' token
     decltype(a) b;
             ^
conftest.cpp:25:15: error: expected unqualified-id before '&&' token
     check_type&& cr = static_cast<check_type&&>(c);
               ^
conftest.cpp:27:10: error: 'd' does not name a type
     auto d = a;
          ^
configure:4311: $? = 1
configure: failed program was:
| /* confdefs.h */
| #define PACKAGE_NAME "mpm"
| #define PACKAGE_TARNAME "mpm"
| #define PACKAGE_VERSION "0.1.3"
| #define PACKAGE_STRING "mpm 0.1.3"
| #define PACKAGE_BUGREPORT "kks32@cam.ac.uk"
| #define PACKAGE_URL ""
| #define PACKAGE "mpm"
| #define VERSION "0.1.3"
| /* end confdefs.h.  */
| 
|   template <typename T>
|     struct check
|     {
|       static_assert(sizeof(int) <= sizeof(T), "not big enough");
|     };
| 
|     typedef check<check<bool>> right_angle_brackets;
| 
|     int a;
|     decltype(a) b;
| 
|     typedef check<int> check_type;
|     check_type c;
|     check_type&& cr = static_cast<check_type&&>(c);
| 
|     auto d = a;
| 
configure:4318: result: no
configure:4327: checking whether g++ supports C++11 features with -std=gnu++11
configure:4355: g++ -c -g -O2 -std=gnu++11  conftest.cpp >&5
configure:4355: $? = 0
configure:4364: result: yes
configure:4403: checking for grep that handles long lines and -e
configure:4461: result: /usr/bin/grep
configure:4471: checking how to run the C++ preprocessor
configure:4498: g++ -E  conftest.cpp
configure:4498: $? = 0
configure:4512: g++ -E  conftest.cpp
conftest.cpp:12:28: fatal error: ac_nonexistent.h: No such file or directory
 #include <ac_nonexistent.h>
                            ^
compilation terminated.
configure:4512: $? = 1
configure: failed program was:
| /* confdefs.h */
| #define PACKAGE_NAME "mpm"
| #define PACKAGE_TARNAME "mpm"
| #define PACKAGE_VERSION "0.1.3"
| #define PACKAGE_STRING "mpm 0.1.3"
| #define PACKAGE_BUGREPORT "kks32@cam.ac.uk"
| #define PACKAGE_URL ""
| #define PACKAGE "mpm"
| #define VERSION "0.1.3"
| #define HAVE_CXX11 1
| /* end confdefs.h.  */
| #include <ac_nonexistent.h>
configure:4537: result: g++ -E
configure:4557: g++ -E  conftest.cpp
configure:4557: $? = 0
configure:4571: g++ -E  conftest.cpp
conftest.cpp:12:28: fatal error: ac_nonexistent.h: No such file or directory
 #include <ac_nonexistent.h>
                            ^
compilation terminated.
configure:4571: $? = 1
configure: failed program was:
| /* confdefs.h */
| #define PACKAGE_NAME "mpm"
| #define PACKAGE_TARNAME "mpm"
| #define PACKAGE_VERSION "0.1.3"
| #define PACKAGE_STRING "mpm 0.1.3"
| #define PACKAGE_BUGREPORT "kks32@cam.ac.uk"
| #define PACKAGE_URL ""
| #define PACKAGE "mpm"
| #define VERSION "0.1.3"
| #define HAVE_CXX11 1
| /* end confdefs.h.  */
| #include <ac_nonexistent.h>
configure:4600: checking for a sed that does not truncate output
configure:4664: result: /usr/bin/sed
configure: this is boost.m4 serial 18
configure:4697: checking for Boost headers version >= 1.40.0
configure:4768: g++ -c -g -O2 -std=gnu++11  conftest.cpp >&5
configure:4768: $? = 0
configure:4789: result: yes
configure:4808: checking for Boost's header version
configure:4826: result: 1_53
configure:4926: checking for egrep
configure:4988: result: /usr/bin/grep -E
configure:4993: checking for ANSI C header files
configure:5013: g++ -c -g -O2 -std=gnu++11  conftest.cpp >&5
configure:5013: $? = 0
configure:5086: g++ -o conftest -g -O2 -std=gnu++11   conftest.cpp  >&5
configure:5086: $? = 0
configure:5086: ./conftest
configure:5086: $? = 0
configure:5097: result: yes
configure:5110: checking for sys/types.h
configure:5110: g++ -c -g -O2 -std=gnu++11  conftest.cpp >&5
configure:5110: $? = 0
configure:5110: result: yes
configure:5110: checking for sys/stat.h
configure:5110: g++ -c -g -O2 -std=gnu++11  conftest.cpp >&5
configure:5110: $? = 0
configure:5110: result: yes
configure:5110: checking for stdlib.h
configure:5110: g++ -c -g -O2 -std=gnu++11  conftest.cpp >&5
configure:5110: $? = 0
configure:5110: result: yes
configure:5110: checking for string.h
configure:5110: g++ -c -g -O2 -std=gnu++11  conftest.cpp >&5
configure:5110: $? = 0
configure:5110: result: yes
configure:5110: checking for memory.h
configure:5110: g++ -c -g -O2 -std=gnu++11  conftest.cpp >&5
configure:5110: $? = 0
configure:5110: result: yes
configure:5110: checking for strings.h
configure:5110: g++ -c -g -O2 -std=gnu++11  conftest.cpp >&5
configure:5110: $? = 0
configure:5110: result: yes
configure:5110: checking for inttypes.h
configure:5110: g++ -c -g -O2 -std=gnu++11  conftest.cpp >&5
configure:5110: $? = 0
configure:5110: result: yes
configure:5110: checking for stdint.h
configure:5110: g++ -c -g -O2 -std=gnu++11  conftest.cpp >&5
configure:5110: $? = 0
configure:5110: result: yes
configure:5110: checking for unistd.h
configure:5110: g++ -c -g -O2 -std=gnu++11  conftest.cpp >&5
configure:5110: $? = 0
configure:5110: result: yes
configure:5124: checking string usability
configure:5124: g++ -c -g -O2 -std=gnu++11  conftest.cpp >&5
configure:5124: $? = 0
configure:5124: result: yes
configure:5124: checking string presence
configure:5124: g++ -E  conftest.cpp
configure:5124: $? = 0
configure:5124: result: yes
configure:5124: checking for string
configure:5124: result: yes
configure:5136: checking iostream usability
configure:5136: g++ -c -g -O2 -std=gnu++11  conftest.cpp >&5
configure:5136: $? = 0
configure:5136: result: yes
configure:5136: checking iostream presence
configure:5136: g++ -E  conftest.cpp
configure:5136: $? = 0
configure:5136: result: yes
configure:5136: checking for iostream
configure:5136: result: yes
configure:5148: checking limits.h usability
configure:5148: g++ -c -g -O2 -std=gnu++11  conftest.cpp >&5
configure:5148: $? = 0
configure:5148: result: yes
configure:5148: checking limits.h presence
configure:5148: g++ -E  conftest.cpp
configure:5148: $? = 0
configure:5148: result: yes
configure:5148: checking for limits.h
configure:5148: result: yes
configure:5161: checking for mkdir
configure:5161: g++ -o conftest -g -O2 -std=gnu++11   conftest.cpp  >&5
configure:5161: $? = 0
configure:5161: result: yes
configure:5172: checking for sqrt
configure:5172: g++ -o conftest -g -O2 -std=gnu++11   conftest.cpp  >&5
configure:5172: $? = 0
configure:5172: result: yes
configure:5183: checking for pow
configure:5183: g++ -o conftest -g -O2 -std=gnu++11   conftest.cpp  >&5
configure:5183: $? = 0
configure:5183: result: yes
configure:5195: checking for size_t
configure:5195: g++ -c -g -O2 -std=gnu++11  conftest.cpp >&5
configure:5195: $? = 0
configure:5195: g++ -c -g -O2 -std=gnu++11  conftest.cpp >&5
conftest.cpp: In function 'int main()':
conftest.cpp:65:20: error: expected primary-expression before ')' token
 if (sizeof ((size_t)))
                    ^
configure:5195: $? = 1
configure: failed program was:
| /* confdefs.h */
| #define PACKAGE_NAME "mpm"
| #define PACKAGE_TARNAME "mpm"
| #define PACKAGE_VERSION "0.1.3"
| #define PACKAGE_STRING "mpm 0.1.3"
| #define PACKAGE_BUGREPORT "kks32@cam.ac.uk"
| #define PACKAGE_URL ""
| #define PACKAGE "mpm"
| #define VERSION "0.1.3"
| #define HAVE_CXX11 1
| #define HAVE_BOOST 1
| #define STDC_HEADERS 1
| #define HAVE_SYS_TYPES_H 1
| #define HAVE_SYS_STAT_H 1
| #define HAVE_STDLIB_H 1
| #define HAVE_STRING_H 1
| #define HAVE_MEMORY_H 1
| #define HAVE_STRINGS_H 1
| #define HAVE_INTTYPES_H 1
| #define HAVE_STDINT_H 1
| #define HAVE_UNISTD_H 1
| #define HAVE_STRING 1
| #define HAVE_IOSTREAM 1
| #define HAVE_LIMITS_H 1
| #define HAVE_MKDIR 1
| #define HAVE_SQRT 1
| #define HAVE_POW 1
| /* end confdefs.h.  */
| #include <stdio.h>
| #ifdef HAVE_SYS_TYPES_H
| # include <sys/types.h>
| #endif
| #ifdef HAVE_SYS_STAT_H
| # include <sys/stat.h>
| #endif
| #ifdef STDC_HEADERS
| # include <stdlib.h>
| # include <stddef.h>
| #else
| # ifdef HAVE_STDLIB_H
| #  include <stdlib.h>
| # endif
| #endif
| #ifdef HAVE_STRING_H
| # if !defined STDC_HEADERS && defined HAVE_MEMORY_H
| #  include <memory.h>
| # endif
| # include <string.h>
| #endif
| #ifdef HAVE_STRINGS_H
| # include <strings.h>
| #endif
| #ifdef HAVE_INTTYPES_H
| # include <inttypes.h>
| #endif
| #ifdef HAVE_STDINT_H
| # include <stdint.h>
| #endif
| #ifdef HAVE_UNISTD_H
| # include <unistd.h>
| #endif
| int
| main ()
| {
| if (sizeof ((size_t)))
| 	    return 0;
|   ;
|   return 0;
| }
configure:5195: result: yes
configure:5219: checking whether to build with debug information
configure:5228: result: no
configure:5395: checking that generated files are newer than configure
configure:5401: result: done
configure:5432: creating ./config.status

## ---------------------- ##
## Running config.status. ##
## ---------------------- ##

This file was extended by mpm config.status 0.1.3, which was
generated by GNU Autoconf 2.69.  Invocation command line was

  CONFIG_FILES    = 
  CONFIG_HEADERS  = 
  CONFIG_LINKS    = 
  CONFIG_COMMANDS = 
  $ ./config.status 

on ks207r14

config.status:797: creating Makefile
config.status:969: executing depfiles commands

## ---------------- ##
## Cache variables. ##
## ---------------- ##

ac_cv_c_compiler_gnu=yes
ac_cv_c_inline=inline
ac_cv_cxx_compiler_gnu=yes
ac_cv_env_BOOST_ROOT_set=
ac_cv_env_BOOST_ROOT_value=
ac_cv_env_CCC_set=
ac_cv_env_CCC_value=
ac_cv_env_CC_set=
ac_cv_env_CC_value=
ac_cv_env_CFLAGS_set=
ac_cv_env_CFLAGS_value=
ac_cv_env_CPPFLAGS_set=
ac_cv_env_CPPFLAGS_value=
ac_cv_env_CXXCPP_set=
ac_cv_env_CXXCPP_value=
ac_cv_env_CXXFLAGS_set=
ac_cv_env_CXXFLAGS_value=
ac_cv_env_CXX_set=
ac_cv_env_CXX_value=
ac_cv_env_LDFLAGS_set=
ac_cv_env_LDFLAGS_value=
ac_cv_env_LIBS_set=
ac_cv_env_LIBS_value=
ac_cv_env_build_alias_set=
ac_cv_env_build_alias_value=
ac_cv_env_host_alias_set=
ac_cv_env_host_alias_value=
ac_cv_env_target_alias_set=
ac_cv_env_target_alias_value=
ac_cv_func_mkdir=yes
ac_cv_func_pow=yes
ac_cv_func_sqrt=yes
ac_cv_header_inttypes_h=yes
ac_cv_header_iostream=yes
ac_cv_header_limits_h=yes
ac_cv_header_memory_h=yes
ac_cv_header_stdc=yes
ac_cv_header_stdint_h=yes
ac_cv_header_stdlib_h=yes
ac_cv_header_string=yes
ac_cv_header_string_h=yes
ac_cv_header_strings_h=yes
ac_cv_header_sys_stat_h=yes
ac_cv_header_sys_types_h=yes
ac_cv_header_unistd_h=yes
ac_cv_objext=o
ac_cv_path_EGREP='/usr/bin/grep -E'
ac_cv_path_GREP=/usr/bin/grep
ac_cv_path_SED=/usr/bin/sed
ac_cv_path_install='/usr/bin/install -c'
ac_cv_path_mkdir=/usr/bin/mkdir
ac_cv_prog_AWK=gawk
ac_cv_prog_CXXCPP='g++ -E'
ac_cv_prog_ac_ct_CC=gcc
ac_cv_prog_ac_ct_CXX=g++
ac_cv_prog_cc_c89=
ac_cv_prog_cc_g=yes
ac_cv_prog_cxx_g=yes
ac_cv_prog_make_make_set=yes
ac_cv_type_size_t=yes
am_cv_CC_dependencies_compiler_type=gcc3
am_cv_CXX_dependencies_compiler_type=gcc3
am_cv_make_support_nested_variables=yes
ax_cv_cxx_compile_cxx11=no
ax_cv_cxx_compile_cxx11__std_gnupp11=yes
boost_cv_inc_path=yes
boost_cv_lib_version=1_53

## ----------------- ##
## Output variables. ##
## ----------------- ##

ACLOCAL='${SHELL} /home/srhgk2/MPM/MPM-Implicit/Implicit/missing aclocal-1.13'
ACLOCAL_AMFLAGS=''
AMDEPBACKSLASH='\'
AMDEP_FALSE='#'
AMDEP_TRUE=''
AMTAR='$${TAR-tar}'
AM_BACKSLASH='\'
AM_CXXFLAGS=' -O3 -fopenmp'
AM_DEFAULT_V='$(AM_DEFAULT_VERBOSITY)'
AM_DEFAULT_VERBOSITY='1'
AM_LDFLAGS=''
AM_V='$(V)'
AUTOCONF='${SHELL} /home/srhgk2/MPM/MPM-Implicit/Implicit/missing autoconf'
AUTOHEADER='${SHELL} /home/srhgk2/MPM/MPM-Implicit/Implicit/missing autoheader'
AUTOMAKE='${SHELL} /home/srhgk2/MPM/MPM-Implicit/Implicit/missing automake-1.13'
AWK='gawk'
BOOST_CPPFLAGS=''
BOOST_ROOT=''
CC='gcc'
CCDEPMODE='depmode=gcc3'
CFLAGS='-g -O2'
CORLIB_CPPFLAGS='-I/home/srhgk2/workspace/corlib/include'
CORLIB_LDFLAGS='-L/home/srhgk2/workspace/corlib/lib'
CPPFLAGS=''
CXX='g++'
CXXCPP='g++ -E'
CXXDEPMODE='depmode=gcc3'
CXXFLAGS='-g -O2 -std=gnu++11'
CYGPATH_W='echo'
DEFS='-DPACKAGE_NAME=\"mpm\" -DPACKAGE_TARNAME=\"mpm\" -DPACKAGE_VERSION=\"0.1.3\" -DPACKAGE_STRING=\"mpm\ 0.1.3\" -DPACKAGE_BUGREPORT=\"kks32@cam.ac.uk\" -DPACKAGE_URL=\"\" -DPACKAGE=\"mpm\" -DVERSION=\"0.1.3\" -DHAVE_CXX11=1 -DHAVE_BOOST=1 -DSTDC_HEADERS=1 -DHAVE_SYS_TYPES_H=1 -DHAVE_SYS_STAT_H=1 -DHAVE_STDLIB_H=1 -DHAVE_STRING_H=1 -DHAVE_MEMORY_H=1 -DHAVE_STRINGS_H=1 -DHAVE_INTTYPES_H=1 -DHAVE_STDINT_H=1 -DHAVE_UNISTD_H=1 -DHAVE_STRING=1 -DHAVE_IOSTREAM=1 -DHAVE_LIMITS_H=1 -DHAVE_MKDIR=1 -DHAVE_SQRT=1 -DHAVE_POW=1 -DNDEBUG=/\*\*/'
DEPDIR='.deps'
DISTCHECK_CONFIGURE_FLAGS=' '\''--with-boost='\'''
ECHO_C=''
ECHO_N='-n'
ECHO_T=''
EGREP='/usr/bin/grep -E'
EIGEN_CPPFLAGS='-I/home/srhgk2/workspace/eigen-eigen/include'
EXEEXT=''
GREP='/usr/bin/grep'
HAVE_CXX11='1'
INSTALL_DATA='${INSTALL} -m 644'
INSTALL_PROGRAM='${INSTALL}'
INSTALL_SCRIPT='${INSTALL}'
INSTALL_STRIP_PROGRAM='$(install_sh) -c -s'
LDFLAGS=''
LIBOBJS=''
LIBS=''
LTLIBOBJS=''
MAKEINFO='${SHELL} /home/srhgk2/MPM/MPM-Implicit/Implicit/missing makeinfo'
MKDIR_P='/usr/bin/mkdir -p'
OBJEXT='o'
PACKAGE='mpm'
PACKAGE_BUGREPORT='kks32@cam.ac.uk'
PACKAGE_NAME='mpm'
PACKAGE_STRING='mpm 0.1.3'
PACKAGE_TARNAME='mpm'
PACKAGE_URL=''
PACKAGE_VERSION='0.1.3'
PATH_SEPARATOR=':'
SED='/usr/bin/sed'
SET_MAKE=''
SHELL='/bin/sh'
STRIP=''
TCLAP_CPPFLAGS='-I/home/srhgk2/workspace/tclap-1.2.1/include'
USE_BUILTIN_CORLIB_FALSE=''
USE_BUILTIN_CORLIB_TRUE='#'
VERSION='0.1.3'
ac_ct_CC='gcc'
ac_ct_CXX='g++'
am__EXEEXT_FALSE=''
am__EXEEXT_TRUE='#'
am__fastdepCC_FALSE='#'
am__fastdepCC_TRUE=''
am__fastdepCXX_FALSE='#'
am__fastdepCXX_TRUE=''
am__include='include'
am__isrc=''
am__leading_dot='.'
am__nodep='_no'
am__quote=''
am__tar='$${TAR-tar} chof - "$$tardir"'
am__untar='$${TAR-tar} xf -'
bindir='${exec_prefix}/bin'
build_alias=''
datadir='${datarootdir}'
datarootdir='${prefix}/share'
docdir='${datarootdir}/doc/${PACKAGE_TARNAME}'
dvidir='${docdir}'
exec_prefix='${prefix}'
host_alias=''
htmldir='${docdir}'
includedir='${prefix}/include'
infodir='${datarootdir}/info'
install_sh='${SHELL} /home/srhgk2/MPM/MPM-Implicit/Implicit/install-sh'
libdir='${exec_prefix}/lib'
libexecdir='${exec_prefix}/libexec'
localedir='${datarootdir}/locale'
localstatedir='${prefix}/var'
mandir='${datarootdir}/man'
mkdir_p='$(MKDIR_P)'
oldincludedir='/usr/include'
pdfdir='${docdir}'
prefix='/usr/local'
program_transform_name='s,x,x,'
psdir='${docdir}'
sbindir='${exec_prefix}/sbin'
sharedstatedir='${prefix}/com'
sysconfdir='${prefix}/etc'
target_alias=''

## ----------- ##
## confdefs.h. ##
## ----------- ##

/* confdefs.h */
#define PACKAGE_NAME "mpm"
#define PACKAGE_TARNAME "mpm"
#define PACKAGE_VERSION "0.1.3"
#define PACKAGE_STRING "mpm 0.1.3"
#define PACKAGE_BUGREPORT "kks32@cam.ac.uk"
#define PACKAGE_URL ""
#define PACKAGE "mpm"
#define VERSION "0.1.3"
#define HAVE_CXX11 1
#define HAVE_BOOST 1
#define STDC_HEADERS 1
#define HAVE_SYS_TYPES_H 1
#define HAVE_SYS_STAT_H 1
#define HAVE_STDLIB_H 1
#define HAVE_STRING_H 1
#define HAVE_MEMORY_H 1
#define HAVE_STRINGS_H 1
#define HAVE_INTTYPES_H 1
#define HAVE_STDINT_H 1
#define HAVE_UNISTD_H 1
#define HAVE_STRING 1
#define HAVE_IOSTREAM 1
#define HAVE_LIMITS_H 1
#define HAVE_MKDIR 1
#define HAVE_SQRT 1
#define HAVE_POW 1
#define NDEBUG /**/

configure: exit 0
